<?xml version="1.0" encoding="UTF-8"?>
<!-- Generated by org.testng.reporters.JUnitReportReporter -->
<testsuite ignored="0" hostname="adarsh-lapc" failures="0" tests="1" name="com.uiFramework.A" time="0.519" errors="0" timestamp="29 Jan 2021 09:01:11 GMT" skipped="0">
  <testcase classname="com.uiFramework.A" name="testLoginA" time="0.519"/>
</testsuite> <!-- com.uiFramework.A -->
